::1 - - [19/Apr/2018:08:58:02 +0000] "POST /login/fileupload HTTP/1.1" 200 250
::1 - - [19/Apr/2018:09:52:05 +0000] "GET / HTTP/1.1" 404 247
::1 - - [20/Apr/2018:04:06:16 +0000] "POST /login/login HTTP/1.1" 200 241
::1 - - [20/Apr/2018:04:06:16 +0000] "POST /get/get-users HTTP/1.1" 200 132
::1 - - [20/Apr/2018:06:13:32 +0000] "GET /api/authentication/google/start HTTP/1.1" 302 0
::1 - - [20/Apr/2018:06:14:47 +0000] "GET /api/authentication/google/start HTTP/1.1" 302 0
::1 - - [20/Apr/2018:06:20:03 +0000] "GET /api/authentication/google/start HTTP/1.1" 302 0
::1 - - [20/Apr/2018:06:23:05 +0000] "GET /api/authentication/google/start HTTP/1.1" 302 0
::1 - - [20/Apr/2018:06:24:05 +0000] "GET /api/authentication/google/start HTTP/1.1" 302 0
::1 - - [20/Apr/2018:06:28:06 +0000] "GET /api/authentication/google/start HTTP/1.1" 302 0
::1 - - [20/Apr/2018:06:28:33 +0000] "GET /api/authentication/google/start HTTP/1.1" 302 0
::1 - - [20/Apr/2018:06:29:23 +0000] "POST /login/login HTTP/1.1" 200 241
::1 - - [20/Apr/2018:06:29:23 +0000] "POST /get/get-users HTTP/1.1" 200 132
::1 - - [20/Apr/2018:06:38:39 +0000] "GET /api/authentication/google/start HTTP/1.1" 302 0
::1 - - [20/Apr/2018:06:39:15 +0000] "GET /api/authentication/google/start HTTP/1.1" 302 0
::1 - - [20/Apr/2018:06:40:34 +0000] "GET /api/authentication/google/start HTTP/1.1" 302 0
::1 - - [20/Apr/2018:06:58:11 +0000] "GET /logon HTTP/1.1" 500 1321
::1 - - [20/Apr/2018:06:58:36 +0000] "GET /logon HTTP/1.1" 302 0
::1 - - [20/Apr/2018:07:12:28 +0000] "GET /api/authentication/google/start HTTP/1.1" 302 0
::1 - - [20/Apr/2018:07:13:13 +0000] "GET /chat?code=4%2FAACcgjlE-7MS9zdBxcCaF2UjA1mw-_l9a7_Y-8NXLLqMeCT2ICxUm71G2VZJBZDv0KTfz-Cv3ijZmIgvbIVKKwY&authuser=0&session_state=9695ea392f6356655a9da516dc3ae014418d862f..091c&prompt=consent HTTP/1.1" 200 614
::1 - - [20/Apr/2018:07:13:14 +0000] "POST /get/get-users HTTP/1.1" 200 132
::1 - - [20/Apr/2018:07:16:57 +0000] "GET /api/authentication/google/start HTTP/1.1" 302 0
::1 - - [20/Apr/2018:07:17:04 +0000] "GET /chat?code=4/AABate0GarUbFYLWnrd0lz05KjuwGWo6wX9-Ki1o8bXuXP5f7TU1rWfEKAlFXRKQ0jRG4R5F6JGQ18wuQ-6uivg&authuser=0&session_state=364bae9ff58b64031a652259a55f05a702c67ee2..8b5b&prompt=consent HTTP/1.1" 200 614
::1 - - [20/Apr/2018:07:17:05 +0000] "POST /get/get-users HTTP/1.1" 200 132
::1 - - [20/Apr/2018:07:17:54 +0000] "GET /api/authentication/google/start HTTP/1.1" 302 0
::1 - - [20/Apr/2018:07:18:12 +0000] "GET /chat?code=4%2FAAA0iPVOddvChW4Lw8ZRVUKmhyZSD3MJgrMl_Q8hf1WfAZgbtR--3n1YTMFvFXKUs_ifeDg3Up__hjJCLoGEDEo&authuser=0&session_state=24470bae915f543bd634b6987a48368e3cbee40f..b11b&prompt=consent HTTP/1.1" 200 614
::1 - - [20/Apr/2018:07:18:13 +0000] "POST /get/get-users HTTP/1.1" 200 132
::1 - - [20/Apr/2018:07:19:26 +0000] "GET /api/authentication/google/redirect HTTP/1.1" 302 0
::1 - - [20/Apr/2018:07:24:40 +0000] "GET /api/authentication/google/redirect HTTP/1.1" 302 0
::1 - - [20/Apr/2018:07:25:39 +0000] "GET /api/authentication/google/redirect HTTP/1.1" 302 0
::1 - - [20/Apr/2018:08:31:29 +0000] "GET /auth/facebook HTTP/1.1" 302 0
::1 - - [20/Apr/2018:08:33:15 +0000] "GET /api/authentication/google/start HTTP/1.1" 302 0
::1 - - [20/Apr/2018:08:37:10 +0000] "GET /api/authentication/google/start HTTP/1.1" 302 0
::1 - - [20/Apr/2018:08:37:34 +0000] "GET /chat?code=4%2FAAAE37N4S7slQ5XxtGTbHRezlp5u4bEMlMnep6Vx8UFTZNoBQNDk3RkY1mHB0_9F7lSg_qlU9MMa8zVyLIH8s2U&authuser=0&session_state=5e5a74064ada04b593e1b3c3db487d680dd0fcad..776d&prompt=consent HTTP/1.1" 200 614
::1 - - [20/Apr/2018:08:37:34 +0000] "POST /get/get-users HTTP/1.1" 200 132
::1 - - [20/Apr/2018:08:38:58 +0000] "GET /api/authentication/google/start HTTP/1.1" 302 0
::1 - - [20/Apr/2018:08:39:31 +0000] "GET /api/authentication/google/start HTTP/1.1" 302 0
::1 - - [20/Apr/2018:08:48:28 +0000] "GET /api/authentication/google/start HTTP/1.1" 302 0
::1 - - [20/Apr/2018:08:48:35 +0000] "GET /chat?code=4/AAD2tzTjZEy0jlver2MFpUPpTvUmhKo9qblO0Zr0klWNsxsGKQF4Xa7LI1CgITHicfH_5GTvan0DEPPzW0zPtvQ&authuser=0&session_state=bd9679551e554c69f1e46d1d4ca82b84a3965f11..e0c6&prompt=consent HTTP/1.1" 200 614
::1 - - [20/Apr/2018:08:48:36 +0000] "POST /get/get-users HTTP/1.1" 200 132
::1 - - [20/Apr/2018:08:49:10 +0000] "GET /chat?code=4%2FAACLDLjPApb5kIxV6hMWCWEm9YWXhL5Szxo0j5_CD2g92mLOPKGoxafepejdZkUyzioz0CvF-oBA9xuYkEym1IA&authuser=1&session_state=88e84dac1710222d59e162cf454799bfc5a84e9f..8994&prompt=consent HTTP/1.1" 200 614
::1 - - [20/Apr/2018:08:49:11 +0000] "POST /get/get-users HTTP/1.1" 200 132
::1 - - [20/Apr/2018:08:49:37 +0000] "GET /chat?code=4/AADdazbSvjT1RxG8iQMqrHCRBKzzFUVNCUprjZivb4fDpBQ-9xrOJN20yuUGIQm7KDNuTCNIMRoGckaIvJvLSnw&authuser=1&session_state=60b3ff9edb2a29618acf7121bd86f3dd6d1cb18c..87b0&prompt=consent HTTP/1.1" 200 614
::1 - - [20/Apr/2018:08:49:47 +0000] "GET /chat?code=4/AABKBSix7y4QnjToeVPXimZPiKqxzMBpJdWL3tlnUVYZKj_tBIc7D5ScYpfdUyiF-POufO_3WPIwWGW0xBbOCLY&authuser=0&session_state=d2da0bf9532ecfb16772d2364e32bf676ecbe71c..7b81&prompt=consent HTTP/1.1" 200 614
::1 - - [20/Apr/2018:08:50:42 +0000] "GET /api/authentication/google/start HTTP/1.1" 302 0
::1 - - [20/Apr/2018:08:52:03 +0000] "GET /api/authentication/google/start HTTP/1.1" 302 0
::1 - - [20/Apr/2018:08:52:36 +0000] "GET /chat?code=4%2FAAAYnmASTLU6HBV2eBANIXzBox-SSiE0XKMbgVzgSa8IrLM8O25jG3g99IlR0QsMNZL7cR39RmX0QW-_AekVv4w&authuser=0&session_state=b7f3cea8f2cfb37c7c663d9f217a6c544a46e58b..fef3&prompt=consent HTTP/1.1" 200 614
::1 - - [20/Apr/2018:09:08:45 +0000] "GET /signup HTTP/1.1" 200 614
::1 - - [20/Apr/2018:09:09:19 +0000] "GET /signupqqqq HTTP/1.1" 200 614
::1 - - [20/Apr/2018:09:10:01 +0000] "GET /signupqqqq HTTP/1.1" 304 -
::1 - - [20/Apr/2018:09:10:53 +0000] "GET /signupqqqq HTTP/1.1" 304 -
::1 - - [20/Apr/2018:09:12:32 +0000] "GET /signupqqqq HTTP/1.1" 304 -
::1 - - [20/Apr/2018:09:24:44 +0000] "GET /api/authentication/google/start HTTP/1.1" 302 0
::1 - - [20/Apr/2018:09:24:48 +0000] "GET /chat?code=4/AADZZsDWZn6iLKTHNa-CD0DV-KeW1DS-fEiCfEM9pMa00iTy9mxKxq2Py3iPcpYGRez0JKAqJhp2pXBv0T4wr-E&authuser=0&session_state=f5885cc1e9c24b4d9c17180cd0c012cb7e18a86f..7759&prompt=consent HTTP/1.1" 200 614
::1 - - [20/Apr/2018:09:25:55 +0000] "GET /api/authentication/google/start HTTP/1.1" 302 0
::1 - - [25/Apr/2018:04:12:21 +0000] "POST /login/login HTTP/1.1" 200 241
::1 - - [25/Apr/2018:04:12:21 +0000] "POST /get/get-users HTTP/1.1" 200 132
::1 - - [25/Apr/2018:04:14:01 +0000] "POST /login/login HTTP/1.1" 200 241
::1 - - [25/Apr/2018:04:14:01 +0000] "POST /get/get-users HTTP/1.1" 200 132
::1 - - [25/Apr/2018:04:25:04 +0000] "POST /get/get-users HTTP/1.1" 200 132
::1 - - [25/Apr/2018:04:25:22 +0000] "POST /get/get-users HTTP/1.1" 200 132
::1 - - [25/Apr/2018:05:58:14 +0000] "POST /get/get-users HTTP/1.1" 200 132
::1 - - [25/Apr/2018:06:05:07 +0000] "POST /get/get-users HTTP/1.1" 200 132
::1 - - [25/Apr/2018:06:05:15 +0000] "POST /get/get-users HTTP/1.1" 200 132
::1 - - [25/Apr/2018:06:06:03 +0000] "POST /get/get-users HTTP/1.1" 200 132
::1 - - [25/Apr/2018:06:06:07 +0000] "POST /get/get-users HTTP/1.1" 200 132
::1 - - [25/Apr/2018:06:06:23 +0000] "POST /get/get-users HTTP/1.1" 200 132
::1 - - [25/Apr/2018:11:59:54 +0000] "GET /api/authentication/google/start HTTP/1.1" 400 -
::1 - - [25/Apr/2018:12:00:38 +0000] "GET /api/authentication/google/start HTTP/1.1" 302 0
::1 - - [25/Apr/2018:12:18:23 +0000] "GET /api/authentication/google/start HTTP/1.1" 302 0
::1 - - [25/Apr/2018:12:18:47 +0000] "GET /chat?code=4%2FAAD3XwwgSgkVmr5_twoDhSVEBItmZBL83W2U7O6Qg21rPw6i_-JKSfIcfu0wa7pQNd0J5ixlKpYKUwOq7yVC2-k&authuser=0&session_state=2c2088bd06251c1270a8be89b5df6ad00832738b..de25&prompt=consent HTTP/1.1" 404 247
::1 - - [25/Apr/2018:12:20:09 +0000] "GET /api/authentication/google/start HTTP/1.1" 302 0
::1 - - [25/Apr/2018:12:20:26 +0000] "GET /chat?code=4/AAD8rF59oz3J6sf0by3MgeYYNqX2G4rs_eAOk5TrUjgBkHlgrA5BvNT2_BGYiD9e_-IVBm58XYm7UXVSLxvM-80&authuser=0&session_state=615a4aa17d17f558728526cb6e5bf42ba7217a66..3ac7&prompt=consent HTTP/1.1" 404 247
::1 - - [25/Apr/2018:12:20:54 +0000] "GET /api/authentication/google/start HTTP/1.1" 302 0
::1 - - [25/Apr/2018:12:20:58 +0000] "GET /chat?code=4/AAALWAeH32xOzahAS87ulx4dpZRrV96m__X4RNw7D-b_zTyRArNQR0TS25Om8LgNzWQK6IvPiciRfePdGIjiUhk&authuser=0&session_state=df3a65440c6bd283e6f86d383f171028c21dfea7..ea7a&prompt=consent HTTP/1.1" 404 247
::1 - - [25/Apr/2018:12:21:39 +0000] "GET /chat?code=4/AACwWpENXmkTHaf3veh6iUaI1gVaNX6jXIdJm5mHJMuFweSQAPdVl5tEnu72kQwnr87cZw3crkR5ky472NrwA3k&authuser=0&session_state=7bc14ebbd236b478d950fcffed97110235794cc5..6c0e&prompt=consent HTTP/1.1" 404 247
::1 - - [26/Apr/2018:04:06:09 +0000] "GET /login HTTP/1.1" 200 614
::1 - - [26/Apr/2018:04:06:14 +0000] "GET /api/authentication/google/start HTTP/1.1" 302 0
::1 - - [26/Apr/2018:04:15:07 +0000] "GET /api/authentication/google/start HTTP/1.1" 302 0
::1 - - [26/Apr/2018:05:40:42 +0000] "GET /api/authentication/google/start HTTP/1.1" 302 0
::1 - - [26/Apr/2018:05:42:09 +0000] "GET /chat?code=4%2FAABPwWLthNy_oAtWfNKke2-3uiHlSqHOu7D5z4aHuMIHcytpaqbbgJgU5IvG6nA-Wl9Brdtrc4TIB31plAs4S8I&authuser=0&session_state=7f68169ef3c960e0fa6ad3dc0761519aff9482a7..e36c&prompt=consent HTTP/1.1" 200 614
::1 - - [26/Apr/2018:05:56:51 +0000] "GET /auth/google HTTP/1.1" 302 0
::1 - - [26/Apr/2018:05:56:56 +0000] "GET /chat?code=4/AABYGpuv5LiTVPxwite6_E5PxGVF7ajDnJfiacZSACn9JCUJ46v1DHQszJeutRz30Ne956H1r_xzH9-K6ziT9mo HTTP/1.1" 200 614
::1 - - [26/Apr/2018:05:57:58 +0000] "GET /auth/google HTTP/1.1" 302 0
::1 - - [26/Apr/2018:05:58:02 +0000] "GET /chat?code=4/AAC0HEMj0AoSHwxpwalFvNk1qDyky9wCF6bsyWz5U6eAa3pHZq0yN3GLYHTnwRccmcrqdo9uhty0d4N8Szq5V8w HTTP/1.1" 200 614
::1 - - [26/Apr/2018:06:14:55 +0000] "GET /auth/google/callback HTTP/1.1" 302 0
::1 - - [26/Apr/2018:06:15:37 +0000] "GET /auth/google HTTP/1.1" 302 0
::1 - - [26/Apr/2018:06:16:04 +0000] "GET /chat?code=4%2FAACM62FQvYChO7Nt5C1GOTrZoq99YiiF7ho5TaRIGSQIWFKOxeVEFoMdsiPdZKbKNswLWWdC2iwbJtTKNFLTbgA HTTP/1.1" 200 614
::1 - - [26/Apr/2018:10:16:23 +0000] "GET /signupqqqq HTTP/1.1" 200 614
::1 - - [26/Apr/2018:10:16:36 +0000] "GET /login HTTP/1.1" 200 614
::1 - - [26/Apr/2018:10:16:43 +0000] "POST /login HTTP/1.1" 404 145
::1 - - [26/Apr/2018:10:16:51 +0000] "POST /login/login HTTP/1.1" 200 45
::1 - - [26/Apr/2018:10:17:05 +0000] "POST /login/login HTTP/1.1" 200 45
::1 - - [26/Apr/2018:10:49:50 +0000] "GET /apple-touch-icon-precomposed.png HTTP/1.1" 200 614
::1 - - [26/Apr/2018:10:49:50 +0000] "GET /apple-touch-icon.png HTTP/1.1" 200 614
::1 - - [26/Apr/2018:10:49:50 +0000] "GET /apple-touch-icon-precomposed.png HTTP/1.1" 200 614
::1 - - [26/Apr/2018:10:49:50 +0000] "GET /apple-touch-icon.png HTTP/1.1" 200 614
::1 - - [26/Apr/2018:10:49:50 +0000] "GET /apple-touch-icon-precomposed.png HTTP/1.1" 200 614
::1 - - [26/Apr/2018:10:49:50 +0000] "GET /apple-touch-icon.png HTTP/1.1" 200 614
::1 - - [26/Apr/2018:10:49:50 +0000] "GET /apple-touch-icon-precomposed.png HTTP/1.1" 200 614
::1 - - [26/Apr/2018:10:49:50 +0000] "GET /apple-touch-icon.png HTTP/1.1" 200 614
::1 - - [26/Apr/2018:10:50:01 +0000] "GET /apple-touch-icon-precomposed.png HTTP/1.1" 200 614
::1 - - [26/Apr/2018:10:50:01 +0000] "GET /apple-touch-icon.png HTTP/1.1" 200 614
::1 - - [30/Apr/2018:12:42:08 +0000] "POST /login/login HTTP/1.1" 200 45
::1 - - [30/Apr/2018:12:42:23 +0000] "POST /login/login HTTP/1.1" 200 241
::1 - - [30/Apr/2018:12:42:23 +0000] "POST /get/get-users HTTP/1.1" 200 132
::1 - - [30/Apr/2018:12:42:37 +0000] "POST /get/get-msg HTTP/1.1" 200 2867
::1 - - [07/May/2018:11:58:31 +0000] "POST /hello HTTP/1.1" 500 1350
::1 - - [07/May/2018:13:00:24 +0000] "POST /hello HTTP/1.1" 200 131
::1 - - [08/May/2018:06:08:39 +0000] "GET /pay/provider/cid HTTP/1.1" - -
::1 - - [08/May/2018:06:12:42 +0000] "GET /pay/:provider/:cid HTTP/1.1" - -
::1 - - [08/May/2018:06:14:10 +0000] "GET /pay/provider/cid HTTP/1.1" - -
::1 - - [08/May/2018:08:56:23 +0000] "GET /pay/provider/cid HTTP/1.1" - -
::1 - - [18/May/2018:05:52:32 +0000] "GET /wallet HTTP/1.1" 200 614
::1 - - [18/May/2018:05:53:05 +0000] "GET /wallet HTTP/1.1" 500 3341
::1 - - [18/May/2018:05:53:35 +0000] "GET /wallet HTTP/1.1" 500 3408
::1 - - [18/May/2018:05:53:56 +0000] "GET /wallet HTTP/1.1" 500 3408
::1 - - [18/May/2018:05:54:43 +0000] "GET /wallet HTTP/1.1" 500 3175
::1 - - [18/May/2018:05:54:59 +0000] "GET /wallet HTTP/1.1" 500 3341
::1 - - [18/May/2018:05:55:55 +0000] "GET /wallet HTTP/1.1" 500 3247
::1 - - [18/May/2018:05:57:45 +0000] "GET /wallet HTTP/1.1" 500 3247
::1 - - [18/May/2018:05:58:00 +0000] "GET /wallet HTTP/1.1" 500 3247
::1 - - [18/May/2018:05:58:14 +0000] "GET /wallet HTTP/1.1" 500 3247
::1 - - [18/May/2018:05:58:15 +0000] "GET /wallet HTTP/1.1" 500 3247
::1 - - [18/May/2018:05:58:16 +0000] "GET /wallet HTTP/1.1" 500 3247
::1 - - [18/May/2018:05:58:16 +0000] "GET /wallet HTTP/1.1" 500 3247
::1 - - [18/May/2018:05:58:16 +0000] "GET /wallet HTTP/1.1" 500 3247
::1 - - [18/May/2018:05:58:17 +0000] "GET /wallet HTTP/1.1" 500 3247
::1 - - [18/May/2018:06:00:40 +0000] "GET /wallet HTTP/1.1" - -
::1 - - [18/May/2018:06:01:50 +0000] "GET /wallet HTTP/1.1" 500 3341
::1 - - [18/May/2018:06:02:27 +0000] "GET /wallet HTTP/1.1" 200 4
::1 - - [18/May/2018:06:04:55 +0000] "GET /add/wallet HTTP/1.1" 200 148
::1 - - [18/May/2018:06:05:24 +0000] "GET /wallet HTTP/1.1" 200 4
::1 - - [18/May/2018:06:07:44 +0000] "GET /transaction HTTP/1.1" 200 477
::1 - - [18/May/2018:06:13:57 +0000] "GET /get/amount HTTP/1.1" 500 3551
::1 - - [18/May/2018:06:14:27 +0000] "GET /get/amount HTTP/1.1" 200 -
::1 - - [18/May/2018:06:14:44 +0000] "GET /get/amount HTTP/1.1" 200 -
::1 - - [18/May/2018:06:15:38 +0000] "GET /get/amount HTTP/1.1" 200 2
::1 - - [18/May/2018:06:16:50 +0000] "GET /get/amount HTTP/1.1" 200 3
::1 - - [18/May/2018:06:17:11 +0000] "GET /get/amount HTTP/1.1" 200 3
::1 - - [18/May/2018:06:17:35 +0000] "GET /get/amount HTTP/1.1" 200 3
::1 - - [18/May/2018:06:22:07 +0000] "GET /remove/wallet HTTP/1.1" 200 5
::1 - - [18/May/2018:06:22:35 +0000] "GET /remove/wallet HTTP/1.1" 200 5
::1 - - [18/May/2018:06:22:36 +0000] "GET /remove/wallet HTTP/1.1" 200 5
::1 - - [18/May/2018:06:22:36 +0000] "GET /remove/wallet HTTP/1.1" 200 5
::1 - - [18/May/2018:06:22:36 +0000] "GET /remove/wallet HTTP/1.1" 200 5
::1 - - [18/May/2018:06:22:49 +0000] "GET /add/wallet HTTP/1.1" 200 148
::1 - - [18/May/2018:06:30:13 +0000] "GET /privatekey_to/account HTTP/1.1" 200 138
::1 - - [18/May/2018:06:32:41 +0000] "GET /get/accounts HTTP/1.1" 200 -
::1 - - [18/May/2018:06:33:15 +0000] "GET /get/accounts HTTP/1.1" 500 3341
::1 - - [18/May/2018:06:39:41 +0000] "GET /transaction HTTP/1.1" 200 479
::1 - - [18/May/2018:06:42:47 +0000] "GET /recover HTTP/1.1" 200 44
::1 - - [18/May/2018:09:28:33 +0000] "GET /hash_message HTTP/1.1" 200 68
::1 - - [18/May/2018:09:32:26 +0000] "GET /hash_message/hello HTTP/1.1" 200 68
::1 - - [18/May/2018:09:33:07 +0000] "GET /hash_message/hello HTTP/1.1" 200 68
::1 - - [18/May/2018:09:33:14 +0000] "GET /hash_message/helloram HTTP/1.1" 200 68
::1 - - [18/May/2018:09:33:20 +0000] "GET /hash_message/hellorams HTTP/1.1" 200 68
::1 - - [18/May/2018:09:33:21 +0000] "GET /hash_message/hellorams HTTP/1.1" 200 68
::1 - - [18/May/2018:09:33:22 +0000] "GET /hash_message/hellorams HTTP/1.1" 200 68
::1 - - [18/May/2018:09:33:24 +0000] "GET /hash_message/hellorams HTTP/1.1" 200 68
::1 - - [18/May/2018:09:33:24 +0000] "GET /hash_message/hellorams HTTP/1.1" 200 68
::1 - - [18/May/2018:09:33:25 +0000] "GET /hash_message/hellorams HTTP/1.1" 200 68
::1 - - [18/May/2018:09:33:26 +0000] "GET /hash_message/hellorams HTTP/1.1" 200 68
::1 - - [18/May/2018:09:33:27 +0000] "GET /hash_message/hellorams HTTP/1.1" 200 68
::1 - - [18/May/2018:10:44:14 +0000] "GET /hash_message/hellorams HTTP/1.1" 200 68
::1 - - [18/May/2018:10:44:15 +0000] "GET /hash_message/hellorams HTTP/1.1" 200 68
::1 - - [18/May/2018:10:44:16 +0000] "GET /hash_message/hellorams HTTP/1.1" 200 68
::1 - - [18/May/2018:10:44:17 +0000] "GET /hash_message/hellorams HTTP/1.1" 200 68
::1 - - [18/May/2018:10:44:17 +0000] "GET /hash_message/hellorams HTTP/1.1" 200 68
::1 - - [18/May/2018:10:44:18 +0000] "GET /hash_message/hellorams HTTP/1.1" 200 68
::1 - - [18/May/2018:10:44:19 +0000] "GET /hash_message/hellorams HTTP/1.1" 200 68
::1 - - [18/May/2018:10:44:19 +0000] "GET /hash_message/hellorams HTTP/1.1" 200 68
::1 - - [21/May/2018:04:50:16 +0000] "GET /wallet HTTP/1.1" 200 4
::1 - - [21/May/2018:05:06:49 +0000] "GET /transaction HTTP/1.1" 200 479
::1 - - [22/May/2018:09:26:06 +0000] "POST /post/transaction HTTP/1.1" 404 156
::1 - - [22/May/2018:09:26:39 +0000] "POST /post/transaction HTTP/1.1" 200 1045
::1 - - [22/May/2018:09:27:10 +0000] "POST /post/transaction HTTP/1.1" 200 1045
::1 - - [22/May/2018:09:33:26 +0000] "POST /post/transaction HTTP/1.1" 200 1046
::1 - - [22/May/2018:09:33:51 +0000] "POST /post/transaction HTTP/1.1" 200 1046
::1 - - [22/May/2018:09:34:07 +0000] "POST /post/transaction HTTP/1.1" 200 1046
::1 - - [22/May/2018:09:34:38 +0000] "POST /post/transaction HTTP/1.1" 200 1047
::1 - - [22/May/2018:09:41:06 +0000] "GET /get/accounts HTTP/1.1" 200 -
::1 - - [22/May/2018:09:41:52 +0000] "GET /get/accounts HTTP/1.1" 200 -
::1 - - [22/May/2018:09:42:10 +0000] "GET /get/accounts HTTP/1.1" 200 -
::1 - - [22/May/2018:09:42:20 +0000] "POST /post/transaction HTTP/1.1" 200 1047
::1 - - [22/May/2018:09:43:18 +0000] "GET /get/accounts HTTP/1.1" 200 -
::1 - - [22/May/2018:09:43:54 +0000] "GET /get/accounts HTTP/1.1" 200 28
::1 - - [22/May/2018:09:46:09 +0000] "GET /get/accounts HTTP/1.1" 200 28
::1 - - [22/May/2018:09:46:44 +0000] "GET /get/accounts HTTP/1.1" 200 28
::1 - - [22/May/2018:09:47:14 +0000] "GET /get/accounts HTTP/1.1" 200 164
::1 - - [22/May/2018:09:51:12 +0000] "GET /get/balance/0x858E2FB6ad62110F73756459939955733b391fdc HTTP/1.1" 200 30
::1 - - [22/May/2018:09:51:28 +0000] "GET /get/balance/0x9e9664e5632AEA683F5B4dc3b63b4D04571c7D87 HTTP/1.1" 200 34
::1 - - [22/May/2018:09:52:15 +0000] "POST /post/transaction HTTP/1.1" 200 26
::1 - - [22/May/2018:09:53:24 +0000] "POST /post/transaction HTTP/1.1" 200 1047
::1 - - [22/May/2018:09:53:55 +0000] "GET /get/balance/0x9e9664e5632AEA683F5B4dc3b63b4D04571c7D87 HTTP/1.1" 200 34
::1 - - [22/May/2018:09:54:08 +0000] "GET /get/balance/0x9e9664e5632AEA683F5B4dc3b63b4D04571c7D87 HTTP/1.1" 200 34
::1 - - [22/May/2018:09:54:13 +0000] "GET /get/balance/0x858E2FB6ad62110F73756459939955733b391fdc HTTP/1.1" 200 32
::1 - - [22/May/2018:09:54:34 +0000] "GET /get/balance/0x858E2FB6ad62110F73756459939955733b391fdc HTTP/1.1" 200 32
::1 - - [22/May/2018:09:54:44 +0000] "GET /get/balance/0x9e9664e5632AEA683F5B4dc3b63b4D04571c7D87 HTTP/1.1" 200 34
::1 - - [22/May/2018:09:55:23 +0000] "POST /post/transaction HTTP/1.1" 200 1047
::1 - - [22/May/2018:09:55:53 +0000] "POST /post/transaction HTTP/1.1" 200 1047
::1 - - [22/May/2018:09:56:37 +0000] "POST /post/transaction HTTP/1.1" 200 26
::1 - - [22/May/2018:09:57:30 +0000] "POST /post/transaction HTTP/1.1" 200 1047
::1 - - [22/May/2018:09:57:43 +0000] "GET /get/balance/0xa5eB2e508fF8Cb7Dc4BBd550701b942263AD7b36 HTTP/1.1" 200 51
::1 - - [22/May/2018:09:58:07 +0000] "POST /post/transaction HTTP/1.1" 200 1049
::1 - - [22/May/2018:09:58:22 +0000] "POST /post/transaction HTTP/1.1" 200 1049
::1 - - [22/May/2018:09:58:52 +0000] "POST /post/transaction HTTP/1.1" 200 1049
::1 - - [22/May/2018:09:59:48 +0000] "POST /post/transaction HTTP/1.1" 200 26
::1 - - [22/May/2018:10:01:13 +0000] "POST /post/transaction HTTP/1.1" 200 26
::1 - - [22/May/2018:10:01:24 +0000] "POST /post/transaction HTTP/1.1" 200 26
::1 - - [22/May/2018:10:01:44 +0000] "POST /post/transaction HTTP/1.1" 200 26
::1 - - [22/May/2018:10:01:53 +0000] "POST /post/transaction HTTP/1.1" 200 26
::1 - - [22/May/2018:10:02:05 +0000] "POST /post/transaction HTTP/1.1" 200 26
::1 - - [22/May/2018:10:02:42 +0000] "GET /get/balance/0x9e9664e5632AEA683F5B4dc3b63b4D04571c7D87 HTTP/1.1" 200 36
::1 - - [22/May/2018:10:03:47 +0000] "POST /post/transaction HTTP/1.1" 200 1056
::1 - - [22/May/2018:10:04:40 +0000] "POST /post/transaction HTTP/1.1" 200 26
::1 - - [22/May/2018:10:09:11 +0000] "POST /post/transaction HTTP/1.1" 200 26
::1 - - [22/May/2018:10:24:16 +0000] "POST /post/transaction HTTP/1.1" 200 26
::1 - - [22/May/2018:10:24:38 +0000] "POST /post/transaction HTTP/1.1" 200 1056
::1 - - [22/May/2018:10:24:50 +0000] "POST /post/transaction HTTP/1.1" 200 1056
::1 - - [22/May/2018:10:24:56 +0000] "POST /post/transaction HTTP/1.1" 200 1056
::1 - - [22/May/2018:10:25:21 +0000] "POST /post/transaction HTTP/1.1" 200 1057
::1 - - [22/May/2018:10:29:18 +0000] "POST /post/transaction HTTP/1.1" 200 1061
::1 - - [22/May/2018:10:29:50 +0000] "POST /post/transaction HTTP/1.1" 200 1061
::1 - - [22/May/2018:10:29:56 +0000] "POST /post/transaction HTTP/1.1" 200 1061
::1 - - [22/May/2018:10:30:14 +0000] "POST /post/transaction HTTP/1.1" 200 1061
::1 - - [22/May/2018:10:30:58 +0000] "POST /post/transaction HTTP/1.1" 200 1063
::1 - - [22/May/2018:10:35:08 +0000] "POST /post/transaction HTTP/1.1" 200 1063
::1 - - [22/May/2018:10:35:46 +0000] "POST /post/transaction HTTP/1.1" 200 1063
::1 - - [22/May/2018:10:36:11 +0000] "GET /get/balance/0x9e9664e5632AEA683F5B4dc3b63b4D04571c7D87 HTTP/1.1" 200 50
::1 - - [22/May/2018:10:36:38 +0000] "GET /get/balance/0x858E2FB6ad62110F73756459939955733b391fdc HTTP/1.1" 200 32
::1 - - [22/May/2018:10:36:51 +0000] "POST /post/transaction HTTP/1.1" 200 1063
::1 - - [22/May/2018:10:36:58 +0000] "GET /get/balance/0x858E2FB6ad62110F73756459939955733b391fdc HTTP/1.1" 200 32
::1 - - [22/May/2018:10:37:31 +0000] "POST /post/transaction HTTP/1.1" 200 1063
::1 - - [22/May/2018:10:37:38 +0000] "GET /get/balance/0x858E2FB6ad62110F73756459939955733b391fdc HTTP/1.1" 200 32
::1 - - [22/May/2018:10:38:37 +0000] "POST /post/transaction HTTP/1.1" 200 1045
::1 - - [22/May/2018:10:38:56 +0000] "POST /post/transaction HTTP/1.1" 200 1059
::1 - - [22/May/2018:10:39:07 +0000] "GET /get/balance/0x9e9664e5632AEA683F5B4dc3b63b4D04571c7D87 HTTP/1.1" 200 50
::1 - - [22/May/2018:10:39:25 +0000] "POST /post/transaction HTTP/1.1" 200 26
::1 - - [22/May/2018:10:39:45 +0000] "POST /post/transaction HTTP/1.1" 200 1059
::1 - - [22/May/2018:10:40:06 +0000] "POST /post/transaction HTTP/1.1" 200 1059
::1 - - [22/May/2018:11:39:13 +0000] "POST /post/transaction HTTP/1.1" 200 26
::1 - - [22/May/2018:11:39:37 +0000] "POST /post/transaction HTTP/1.1" 200 1059
::1 - - [22/May/2018:12:38:16 +0000] "POST /post/transaction HTTP/1.1" 200 1059
::1 - - [22/May/2018:12:38:30 +0000] "POST /post/transaction HTTP/1.1" 200 1059
::1 - - [22/May/2018:12:38:41 +0000] "POST /post/transaction HTTP/1.1" 200 26
::1 - - [22/May/2018:12:39:22 +0000] "GET /get/balance/0x9e9664e5632AEA683F5B4dc3b63b4D04571c7D87 HTTP/1.1" 200 50
::1 - - [22/May/2018:12:39:52 +0000] "POST /post/transaction HTTP/1.1" 200 1059
::1 - - [22/May/2018:12:40:16 +0000] "GET /get/balance/0x9e9664e5632AEA683F5B4dc3b63b4D04571c7D87 HTTP/1.1" 200 50
::1 - - [22/May/2018:12:40:35 +0000] "POST /post/transaction HTTP/1.1" 200 1059
::1 - - [22/May/2018:12:40:49 +0000] "GET /get/balance/0x9e9664e5632AEA683F5B4dc3b63b4D04571c7D87 HTTP/1.1" 200 50
::1 - - [22/May/2018:12:41:02 +0000] "POST /post/transaction HTTP/1.1" 200 1059
::1 - - [22/May/2018:12:41:07 +0000] "GET /get/balance/0x9e9664e5632AEA683F5B4dc3b63b4D04571c7D87 HTTP/1.1" 200 50
::1 - - [22/May/2018:12:41:36 +0000] "POST /post/transaction HTTP/1.1" 200 1059
::1 - - [22/May/2018:12:41:43 +0000] "GET /get/balance/0x9e9664e5632AEA683F5B4dc3b63b4D04571c7D87 HTTP/1.1" 200 50
::1 - - [22/May/2018:12:41:56 +0000] "POST /post/transaction HTTP/1.1" 200 1059
::1 - - [22/May/2018:12:42:03 +0000] "GET /get/balance/0x9e9664e5632AEA683F5B4dc3b63b4D04571c7D87 HTTP/1.1" 200 50
::1 - - [22/May/2018:12:42:14 +0000] "GET /get/balance/0x9e9664e5632AEA683F5B4dc3b63b4D04571c7D87 HTTP/1.1" 200 50
::1 - - [22/May/2018:12:42:38 +0000] "POST /post/transaction HTTP/1.1" 200 1059
::1 - - [22/May/2018:12:42:43 +0000] "GET /get/balance/0x9e9664e5632AEA683F5B4dc3b63b4D04571c7D87 HTTP/1.1" 200 50
::1 - - [22/May/2018:12:42:51 +0000] "POST /post/transaction HTTP/1.1" 200 1059
::1 - - [22/May/2018:12:43:18 +0000] "POST /post/transaction HTTP/1.1" 200 1059
::1 - - [23/May/2018:04:26:37 +0000] "POST /post/transaction HTTP/1.1" - -
::1 - - [23/May/2018:04:40:59 +0000] "POST /post/transaction HTTP/1.1" - -
::1 - - [23/May/2018:04:47:39 +0000] "GET /get/accounts HTTP/1.1" 200 164
::1 - - [23/May/2018:04:47:42 +0000] "GET /get/balance/0x9e9664e5632AEA683F5B4dc3b63b4D04571c7D87 HTTP/1.1" 200 50
::1 - - [23/May/2018:04:48:42 +0000] "POST /post/transaction HTTP/1.1" - -
::1 - - [23/May/2018:04:51:18 +0000] "GET /get/balance/0x9e9664e5632AEA683F5B4dc3b63b4D04571c7D87 HTTP/1.1" 200 50
::1 - - [23/May/2018:04:52:06 +0000] "POST /post/transaction HTTP/1.1" - -
::1 - - [23/May/2018:04:53:53 +0000] "POST /post/transaction HTTP/1.1" 200 26
::1 - - [23/May/2018:04:56:01 +0000] "POST /post/transaction HTTP/1.1" - -
::1 - - [23/May/2018:05:05:10 +0000] "POST /post/transaction HTTP/1.1" - -
::1 - - [23/May/2018:05:10:14 +0000] "POST /post/transaction HTTP/1.1" - -
::1 - - [23/May/2018:05:16:37 +0000] "POST /post/transaction HTTP/1.1" - -
::1 - - [23/May/2018:05:20:19 +0000] "GET /get/accounts HTTP/1.1" 200 164
::1 - - [23/May/2018:05:20:24 +0000] "GET /get/balance/0x9e9664e5632AEA683F5B4dc3b63b4D04571c7D87 HTTP/1.1" 200 50
::1 - - [23/May/2018:05:31:25 +0000] "GET /get/accounts HTTP/1.1" 200 74
::1 - - [23/May/2018:05:32:13 +0000] "GET /get/accounts HTTP/1.1" 200 119
::1 - - [23/May/2018:05:34:12 +0000] "POST /post/transaction HTTP/1.1" 200 1044
::1 - - [23/May/2018:05:34:30 +0000] "POST /post/transaction HTTP/1.1" 200 1044
::1 - - [23/May/2018:05:35:05 +0000] "GET /get/accounts HTTP/1.1" 200 164
::1 - - [23/May/2018:05:46:44 +0000] "POST /get/estimategase HTTP/1.1" 500 3341
::1 - - [23/May/2018:05:47:41 +0000] "POST /get/estimategase HTTP/1.1" 500 3341
::1 - - [23/May/2018:05:48:40 +0000] "POST /get/estimategase HTTP/1.1" 500 3341
::1 - - [23/May/2018:05:52:03 +0000] "POST /get/estimategase HTTP/1.1" 500 3341
::1 - - [23/May/2018:05:52:17 +0000] "POST /get/estimategase HTTP/1.1" 200 28
::1 - - [23/May/2018:06:18:46 +0000] "POST /mainaccount/ether_balance HTTP/1.1" 200 24
::1 - - [23/May/2018:06:19:29 +0000] "POST /mainaccount/ether_balance HTTP/1.1" 200 24
::1 - - [23/May/2018:06:20:09 +0000] "POST /mainaccount/ether_balance HTTP/1.1" 200 25
::1 - - [23/May/2018:06:29:27 +0000] "POST /post/transaction HTTP/1.1" 500 3204
::1 - - [23/May/2018:06:32:11 +0000] "POST /post/transaction HTTP/1.1" 500 3204
::1 - - [23/May/2018:06:34:03 +0000] "POST /post/transaction HTTP/1.1" 200 1045
::1 - - [23/May/2018:06:34:52 +0000] "POST /post/transaction HTTP/1.1" 200 1045
::1 - - [23/May/2018:06:35:12 +0000] "POST /post/transaction HTTP/1.1" 200 1045
::1 - - [23/May/2018:06:35:39 +0000] "POST /post/transaction HTTP/1.1" 200 55
::1 - - [23/May/2018:06:36:18 +0000] "POST /post/transaction HTTP/1.1" 200 1061
::1 - - [23/May/2018:06:36:54 +0000] "POST /post/transaction HTTP/1.1" 200 1044
::1 - - [23/May/2018:06:37:20 +0000] "POST /post/transaction HTTP/1.1" 200 1044
::1 - - [23/May/2018:06:37:39 +0000] "POST /post/transaction HTTP/1.1" 200 1051
::1 - - [23/May/2018:06:38:02 +0000] "POST /post/transaction HTTP/1.1" 200 1057
::1 - - [23/May/2018:06:38:14 +0000] "POST /post/transaction HTTP/1.1" 200 26
::1 - - [23/May/2018:06:38:33 +0000] "POST /post/transaction HTTP/1.1" 200 26
::1 - - [23/May/2018:06:38:40 +0000] "POST /post/transaction HTTP/1.1" 200 1057
::1 - - [23/May/2018:06:47:49 +0000] "POST /create/account HTTP/1.1" 200 79
::1 - - [23/May/2018:06:48:06 +0000] "GET /get/accounts HTTP/1.1" 200 209
::1 - - [23/May/2018:08:52:18 +0000] "GET /transaction/count/0x994C39db1Db2f152f8824f773FB6636Dc3f50E9b HTTP/1.1" 200 34
::1 - - [23/May/2018:08:52:30 +0000] "GET /transaction/count/0x8D6C1A3A387F45c4c3Aeb9C28c212bEEe873bF69 HTTP/1.1" 200 34
::1 - - [23/May/2018:08:52:42 +0000] "GET /transaction/count/0x7C61Bd21d72ec2b218e1e199880c7A07674be0dc HTTP/1.1" 200 34
::1 - - [23/May/2018:08:52:57 +0000] "GET /transaction/count/0xc5c79F1b2a7C1C08861D3e898108DF6907c383FB HTTP/1.1" 200 34
::1 - - [23/May/2018:08:53:35 +0000] "GET /transaction/count/0x7C61Bd21d72ec2b218e1e199880c7A07674be0dc HTTP/1.1" 200 34
::1 - - [23/May/2018:08:53:44 +0000] "GET /get/balance/0x7C61Bd21d72ec2b218e1e199880c7A07674be0dc HTTP/1.1" 200 44
::1 - - [23/May/2018:08:53:46 +0000] "GET /get/balance/0x7C61Bd21d72ec2b218e1e199880c7A07674be0dc HTTP/1.1" 200 44
::1 - - [23/May/2018:08:56:22 +0000] "POST /post/transaction HTTP/1.1" 200 26
::1 - - [23/May/2018:08:56:58 +0000] "POST /post/transaction HTTP/1.1" 200 26
::1 - - [23/May/2018:08:57:41 +0000] "POST /post/transaction HTTP/1.1" 200 1057
::1 - - [23/May/2018:08:59:04 +0000] "POST /get/estimategase HTTP/1.1" 200 28
::1 - - [23/May/2018:08:59:05 +0000] "POST /get/estimategase HTTP/1.1" 200 28
::1 - - [23/May/2018:09:12:49 +0000] "POST /post/transaction HTTP/1.1" 200 1057
::1 - - [23/May/2018:09:25:51 +0000] "GET /get/transaction/0x51db8bfd070c5561dc526adb81a842d6ff263afe0d2846d390ada8211bc69222 HTTP/1.1" 200 568
::1 - - [23/May/2018:09:46:07 +0000] "POST /post/transaction HTTP/1.1" 200 1057
::1 - - [23/May/2018:09:46:27 +0000] "GET /get/transaction/0x516d5b3545496619f92116eab07958a3147a21d4457586263758589ba78b4bb2 HTTP/1.1" 200 569
::1 - - [23/May/2018:09:47:14 +0000] "POST /post/transaction HTTP/1.1" 200 1057
::1 - - [23/May/2018:09:47:30 +0000] "GET /get/transaction/0x4a41f238867a40d9b37543738c0c5466e101a09077c2efdd693a86052c792235 HTTP/1.1" 200 569
::1 - - [23/May/2018:09:48:29 +0000] "POST /post/transaction HTTP/1.1" 200 1057
::1 - - [23/May/2018:09:48:47 +0000] "GET /get/transaction/0xfdea0ab2054f2f0d43e2f260879e34fc9dcfab6430f5b3f1218dead755695578 HTTP/1.1" 200 568
::1 - - [23/May/2018:09:54:57 +0000] "GET /get/subscribes HTTP/1.1" 200 614
::1 - - [23/May/2018:09:57:05 +0000] "GET /get/subscribe HTTP/1.1" - -
::1 - - [23/May/2018:10:26:34 +0000] "GET /get/estimate_gas/0xc5c79F1b2a7C1C08861D3e898108DF6907c383FB HTTP/1.1" 200 28
::1 - - [23/May/2018:10:49:51 +0000] "POST /post/transaction HTTP/1.1" 200 1057
::1 - - [23/May/2018:10:50:40 +0000] "POST /post/transaction HTTP/1.1" 200 1057
::1 - - [23/May/2018:10:51:04 +0000] "GET /get/transaction/0x2915b8aee32e9f935f5f0440617a12643ef472d6551c8d398c8c6122d0820baa HTTP/1.1" 200 570
::1 - - [24/May/2018:04:27:13 +0000] "POST /post/transaction HTTP/1.1" - -
::1 - - [24/May/2018:04:37:24 +0000] "GET /get/accounts HTTP/1.1" 200 74
::1 - - [24/May/2018:04:37:38 +0000] "POST /create/account HTTP/1.1" 200 79
::1 - - [24/May/2018:04:37:50 +0000] "GET /get/accounts HTTP/1.1" 200 119
::1 - - [24/May/2018:04:38:19 +0000] "POST /post/transaction HTTP/1.1" 200 1042
::1 - - [24/May/2018:04:38:44 +0000] "GET /get/transaction/0x88b24c509fdeb344cbd529a945abfe87ad3782ace032e5ec3cd42bd57f594b6e HTTP/1.1" 200 567
::1 - - [24/May/2018:05:05:29 +0000] "GET /validate/ HTTP/1.1" 200 614
::1 - - [24/May/2018:05:09:04 +0000] "GET /validate/0x4390EB771a9DB61b701dF475b0A658ef833799B6 HTTP/1.1" - -
::1 - - [24/May/2018:05:21:23 +0000] "GET /validate/0x4390EB771a9DB61b701dF475b0A658ef833799B6 HTTP/1.1" 200 4
::1 - - [24/May/2018:05:21:28 +0000] "GET /validate/0x4390EB771a9DB61b701dF475b0A658ef833799B HTTP/1.1" 200 5
::1 - - [24/May/2018:05:21:34 +0000] "GET /validate/0x4390EB771a9DB61b701dF475b0A658ef833799B6 HTTP/1.1" 200 4
::1 - - [24/May/2018:05:21:52 +0000] "GET /validate/0x4390EB771a9DB61b701dF475b0A658ef833799B6 HTTP/1.1" 200 4
::1 - - [24/May/2018:05:55:13 +0000] "GET /get/contract/0x4390EB771a9DB61b701dF475b0A658ef833799B6 HTTP/1.1" 500 3336
::1 - - [24/May/2018:06:50:59 +0000] "GET /get/contract/0x4390EB771a9DB61b701dF475b0A658ef833799B6 HTTP/1.1" 500 3334
::1 - - [24/May/2018:06:53:48 +0000] "GET /get/contract/0x4390EB771a9DB61b701dF475b0A658ef833799B6 HTTP/1.1" 500 3335
::1 - - [24/May/2018:07:00:49 +0000] "GET /get/contract/0x4390EB771a9DB61b701dF475b0A658ef833799B6 HTTP/1.1" 200 26
::1 - - [24/May/2018:07:01:22 +0000] "GET /get/contract/0x4390EB771a9DB61b701dF475b0A658ef833799B6 HTTP/1.1" 200 26
::1 - - [24/May/2018:07:04:22 +0000] "GET /get/contract/0x4390EB771a9DB61b701dF475b0A658ef833799B6 HTTP/1.1" 200 26
::1 - - [24/May/2018:08:46:35 +0000] "GET /get/contract/0x4390EB771a9DB61b701dF475b0A658ef833799B6 HTTP/1.1" 200 26
::1 - - [25/May/2018:04:31:40 +0000] "GET /get/accounts HTTP/1.1" 200 74
::1 - - [25/May/2018:04:31:56 +0000] "POST /create/account HTTP/1.1" 200 79
::1 - - [25/May/2018:04:32:03 +0000] "GET /get/accounts HTTP/1.1" 200 119
::1 - - [25/May/2018:04:32:35 +0000] "POST /post/transaction HTTP/1.1" 200 1043
::1 - - [25/May/2018:04:33:10 +0000] "GET /get/transaction/0xc63574df68049ebfc86331b3dc94317a4f6fb259b457f22a9fff50042d0143cb HTTP/1.1" 200 567
::1 - - [28/May/2018:04:09:35 +0000] "GET /get/accounts HTTP/1.1" 200 74
::1 - - [28/May/2018:04:09:49 +0000] "POST /create/account HTTP/1.1" 200 79
::1 - - [28/May/2018:04:11:45 +0000] "GET /get/accounts HTTP/1.1" 200 119
::1 - - [28/May/2018:04:12:31 +0000] "POST /post/transaction HTTP/1.1" 200 1043
::1 - - [28/May/2018:04:14:07 +0000] "GET /transaction/count/0x3aee577b326a736691393d27409cad8df54c473d4df5057e46680ea7297a322a HTTP/1.1" 500 3607
::1 - - [28/May/2018:04:14:14 +0000] "GET /get/transaction/0x3aee577b326a736691393d27409cad8df54c473d4df5057e46680ea7297a322a HTTP/1.1" 200 568
::1 - - [28/May/2018:05:13:00 +0000] "POST /get/estimategase HTTP/1.1" 200 28
::1 - - [28/May/2018:05:13:49 +0000] "GET /get/block/288 HTTP/1.1" 200 614
::1 - - [28/May/2018:05:15:22 +0000] "GET /get/block/288 HTTP/1.1" 200 614
::1 - - [28/May/2018:05:16:38 +0000] "GET /get/block/288 HTTP/1.1" 200 614
::1 - - [28/May/2018:05:17:06 +0000] "GET /get/block/288 HTTP/1.1" 200 614
::1 - - [28/May/2018:05:18:03 +0000] "GET /get/block/288 HTTP/1.1" 200 614
::1 - - [28/May/2018:05:18:49 +0000] "GET /get/block/288 HTTP/1.1" 200 1505
::1 - - [28/May/2018:05:19:40 +0000] "GET /get/block/288 HTTP/1.1" 200 1505
::1 - - [28/May/2018:05:19:45 +0000] "GET /get/block/28 HTTP/1.1" 200 1431
::1 - - [28/May/2018:05:19:52 +0000] "GET /get/block/ HTTP/1.1" 200 614
::1 - - [28/May/2018:05:19:57 +0000] "GET /get/block/2 HTTP/1.1" 200 1429
::1 - - [28/May/2018:05:20:04 +0000] "GET /get/block/28 HTTP/1.1" 200 1431
::1 - - [28/May/2018:05:20:09 +0000] "GET /get/block/288 HTTP/1.1" 200 1505
::1 - - [28/May/2018:05:20:15 +0000] "GET /get/block/288 HTTP/1.1" 200 1505
::1 - - [30/May/2018:09:34:38 +0000] "POST /post/transaction HTTP/1.1" 200 26
::1 - - [30/May/2018:09:34:54 +0000] "GET /get/accounts HTTP/1.1" 200 28
::1 - - [30/May/2018:09:36:02 +0000] "GET /get/accounts HTTP/1.1" 200 28
::1 - - [30/May/2018:09:50:17 +0000] "GET /get/accounts HTTP/1.1" 200 74
::1 - - [30/May/2018:09:52:11 +0000] "GET /get/contract/0x4390EB771a9DB61b701dF475b0A658ef833799B6 HTTP/1.1" 200 26
::1 - - [30/May/2018:09:53:05 +0000] "POST /create/account HTTP/1.1" 200 79
::1 - - [30/May/2018:09:53:22 +0000] "GET /get/accounts HTTP/1.1" 200 119
::1 - - [30/May/2018:09:53:49 +0000] "POST /post/transaction HTTP/1.1" 200 1043
::1 - - [30/May/2018:09:54:17 +0000] "POST /post/transaction HTTP/1.1" 200 1043
::1 - - [31/May/2018:05:01:32 +0000] "GET /get/accounts HTTP/1.1" 200 28
::1 - - [31/May/2018:05:10:17 +0000] "GET /get/accounts HTTP/1.1" 200 74
::1 - - [31/May/2018:06:36:25 +0000] "GET /get/accounts HTTP/1.1" 200 74
::1 - - [31/May/2018:06:36:44 +0000] "GET /get/accounts HTTP/1.1" 200 74
::1 - - [31/May/2018:08:51:09 +0000] "GET /get/accounts HTTP/1.1" 200 74
::1 - - [31/May/2018:08:51:11 +0000] "GET /get/accounts HTTP/1.1" 200 74
::1 - - [31/May/2018:08:51:24 +0000] "POST /create/account HTTP/1.1" 200 79
::1 - - [08/Jun/2018:04:35:21 +0000] "GET /get/web3/amount HTTP/1.1" 500 3460
::1 - - [08/Jun/2018:04:37:18 +0000] "GET /get/web3/amount HTTP/1.1" 500 3187
::1 - - [08/Jun/2018:06:28:42 +0000] "GET /get/web3/amount HTTP/1.1" 500 3187
::1 - - [08/Jun/2018:12:13:07 +0000] "GET /get/accounts HTTP/1.1" 200 28
::1 - - [08/Jun/2018:12:14:03 +0000] "GET /get/accounts HTTP/1.1" 200 74
